<?xml version="1.0" encoding="UTF-8"?>
<testsuite xmlns:xsi="http://www.w3.org/2001/XMLSchema-instance" xsi:noNamespaceSchemaLocation="https://maven.apache.org/surefire/maven-surefire-plugin/xsd/surefire-test-report-3.0.xsd" version="3.0" name="com.patientportal.runner.CucumberTestRunner" time="2.675" tests="0" errors="0" skipped="0" failures="0">
  <properties>
    <property name="gopherProxySet" value="false"/>
    <property name="awt.toolkit" value="sun.lwawt.macosx.LWCToolkit"/>
    <property name="file.encoding.pkg" value="sun.io"/>
    <property name="java.specification.version" value="1.8"/>
    <property name="sun.cpu.isalist" value=""/>
    <property name="sun.jnu.encoding" value="UTF-8"/>
    <property name="java.class.path" value="/Users/krishg/Documents/KG_official/api-patientportal/target/test-classes:/Users/krishg/Documents/KG_official/api-patientportal/target/classes:/Users/krishg/.m2/repository/junit/junit/4.13/junit-4.13.jar:/Users/krishg/.m2/repository/org/hamcrest/hamcrest-core/1.3/hamcrest-core-1.3.jar:/Users/krishg/.m2/repository/org/testng/testng/7.1.0/testng-7.1.0.jar:/Users/krishg/.m2/repository/com/beust/jcommander/1.72/jcommander-1.72.jar:/Users/krishg/.m2/repository/com/google/inject/guice/4.1.0/guice-4.1.0-no_aop.jar:/Users/krishg/.m2/repository/javax/inject/javax.inject/1/javax.inject-1.jar:/Users/krishg/.m2/repository/aopalliance/aopalliance/1.0/aopalliance-1.0.jar:/Users/krishg/.m2/repository/com/google/guava/guava/19.0/guava-19.0.jar:/Users/krishg/.m2/repository/org/yaml/snakeyaml/1.21/snakeyaml-1.21.jar:/Users/krishg/.m2/repository/info/cukes/cucumber-java/1.2.5/cucumber-java-1.2.5.jar:/Users/krishg/.m2/repository/info/cukes/cucumber-testng/1.2.5/cucumber-testng-1.2.5.jar:/Users/krishg/.m2/repository/info/cukes/cucumber-core/1.2.5/cucumber-core-1.2.5.jar:/Users/krishg/.m2/repository/info/cukes/cucumber-html/0.2.3/cucumber-html-0.2.3.jar:/Users/krishg/.m2/repository/info/cukes/cucumber-jvm-deps/1.0.5/cucumber-jvm-deps-1.0.5.jar:/Users/krishg/.m2/repository/info/cukes/gherkin/2.12.2/gherkin-2.12.2.jar:/Users/krishg/.m2/repository/info/cukes/cucumber-junit/1.2.5/cucumber-junit-1.2.5.jar:/Users/krishg/.m2/repository/io/rest-assured/rest-assured/4.3.0/rest-assured-4.3.0.jar:/Users/krishg/.m2/repository/org/codehaus/groovy/groovy/3.0.2/groovy-3.0.2.jar:/Users/krishg/.m2/repository/org/codehaus/groovy/groovy-xml/3.0.2/groovy-xml-3.0.2.jar:/Users/krishg/.m2/repository/org/apache/httpcomponents/httpclient/4.5.3/httpclient-4.5.3.jar:/Users/krishg/.m2/repository/org/apache/httpcomponents/httpcore/4.4.6/httpcore-4.4.6.jar:/Users/krishg/.m2/repository/commons-logging/commons-logging/1.2/commons-logging-1.2.jar:/Users/krishg/.m2/repository/commons-codec/commons-codec/1.9/commons-codec-1.9.jar:/Users/krishg/.m2/repository/org/apache/httpcomponents/httpmime/4.5.3/httpmime-4.5.3.jar:/Users/krishg/.m2/repository/org/hamcrest/hamcrest/2.1/hamcrest-2.1.jar:/Users/krishg/.m2/repository/org/ccil/cowan/tagsoup/tagsoup/1.2.1/tagsoup-1.2.1.jar:/Users/krishg/.m2/repository/io/rest-assured/json-path/4.3.0/json-path-4.3.0.jar:/Users/krishg/.m2/repository/org/codehaus/groovy/groovy-json/3.0.2/groovy-json-3.0.2.jar:/Users/krishg/.m2/repository/io/rest-assured/rest-assured-common/4.3.0/rest-assured-common-4.3.0.jar:/Users/krishg/.m2/repository/io/rest-assured/xml-path/4.3.0/xml-path-4.3.0.jar:/Users/krishg/.m2/repository/org/apache/commons/commons-lang3/3.4/commons-lang3-3.4.jar:/Users/krishg/.m2/repository/jakarta/xml/bind/jakarta.xml.bind-api/2.3.2/jakarta.xml.bind-api-2.3.2.jar:/Users/krishg/.m2/repository/jakarta/activation/jakarta.activation-api/1.2.1/jakarta.activation-api-1.2.1.jar:/Users/krishg/.m2/repository/com/sun/xml/bind/jaxb-osgi/2.3.0.1/jaxb-osgi-2.3.0.1.jar:/Users/krishg/.m2/repository/org/apache/sling/org.apache.sling.javax.activation/0.1.0/org.apache.sling.javax.activation-0.1.0.jar:/Users/krishg/.m2/repository/javax/activation/activation/1.1.1/activation-1.1.1.jar:"/>
    <property name="java.vm.vendor" value="AdoptOpenJDK"/>
    <property name="sun.arch.data.model" value="64"/>
    <property name="java.vendor.url" value="http://java.oracle.com/"/>
    <property name="user.timezone" value="Europe/London"/>
    <property name="java.vm.specification.version" value="1.8"/>
    <property name="os.name" value="Mac OS X"/>
    <property name="user.country" value="GB"/>
    <property name="sun.java.launcher" value="SUN_STANDARD"/>
    <property name="sun.boot.library.path" value="/Library/Java/JavaVirtualMachines/adoptopenjdk-8.jdk/Contents/Home/jre/lib"/>
    <property name="sun.java.command" value="/Users/krishg/Documents/KG_official/api-patientportal/target/surefire/surefirebooter6800609913569592535.jar /Users/krishg/Documents/KG_official/api-patientportal/target/surefire 2020-04-18T23-04-43_733-jvmRun1 surefire661307322693502693tmp surefire_0649986213608149692tmp"/>
    <property name="http.nonProxyHosts" value="local|*.local|169.254/16|*.169.254/16"/>
    <property name="surefire.test.class.path" value="/Users/krishg/Documents/KG_official/api-patientportal/target/test-classes:/Users/krishg/Documents/KG_official/api-patientportal/target/classes:/Users/krishg/.m2/repository/junit/junit/4.13/junit-4.13.jar:/Users/krishg/.m2/repository/org/hamcrest/hamcrest-core/1.3/hamcrest-core-1.3.jar:/Users/krishg/.m2/repository/org/testng/testng/7.1.0/testng-7.1.0.jar:/Users/krishg/.m2/repository/com/beust/jcommander/1.72/jcommander-1.72.jar:/Users/krishg/.m2/repository/com/google/inject/guice/4.1.0/guice-4.1.0-no_aop.jar:/Users/krishg/.m2/repository/javax/inject/javax.inject/1/javax.inject-1.jar:/Users/krishg/.m2/repository/aopalliance/aopalliance/1.0/aopalliance-1.0.jar:/Users/krishg/.m2/repository/com/google/guava/guava/19.0/guava-19.0.jar:/Users/krishg/.m2/repository/org/yaml/snakeyaml/1.21/snakeyaml-1.21.jar:/Users/krishg/.m2/repository/info/cukes/cucumber-java/1.2.5/cucumber-java-1.2.5.jar:/Users/krishg/.m2/repository/info/cukes/cucumber-testng/1.2.5/cucumber-testng-1.2.5.jar:/Users/krishg/.m2/repository/info/cukes/cucumber-core/1.2.5/cucumber-core-1.2.5.jar:/Users/krishg/.m2/repository/info/cukes/cucumber-html/0.2.3/cucumber-html-0.2.3.jar:/Users/krishg/.m2/repository/info/cukes/cucumber-jvm-deps/1.0.5/cucumber-jvm-deps-1.0.5.jar:/Users/krishg/.m2/repository/info/cukes/gherkin/2.12.2/gherkin-2.12.2.jar:/Users/krishg/.m2/repository/info/cukes/cucumber-junit/1.2.5/cucumber-junit-1.2.5.jar:/Users/krishg/.m2/repository/io/rest-assured/rest-assured/4.3.0/rest-assured-4.3.0.jar:/Users/krishg/.m2/repository/org/codehaus/groovy/groovy/3.0.2/groovy-3.0.2.jar:/Users/krishg/.m2/repository/org/codehaus/groovy/groovy-xml/3.0.2/groovy-xml-3.0.2.jar:/Users/krishg/.m2/repository/org/apache/httpcomponents/httpclient/4.5.3/httpclient-4.5.3.jar:/Users/krishg/.m2/repository/org/apache/httpcomponents/httpcore/4.4.6/httpcore-4.4.6.jar:/Users/krishg/.m2/repository/commons-logging/commons-logging/1.2/commons-logging-1.2.jar:/Users/krishg/.m2/repository/commons-codec/commons-codec/1.9/commons-codec-1.9.jar:/Users/krishg/.m2/repository/org/apache/httpcomponents/httpmime/4.5.3/httpmime-4.5.3.jar:/Users/krishg/.m2/repository/org/hamcrest/hamcrest/2.1/hamcrest-2.1.jar:/Users/krishg/.m2/repository/org/ccil/cowan/tagsoup/tagsoup/1.2.1/tagsoup-1.2.1.jar:/Users/krishg/.m2/repository/io/rest-assured/json-path/4.3.0/json-path-4.3.0.jar:/Users/krishg/.m2/repository/org/codehaus/groovy/groovy-json/3.0.2/groovy-json-3.0.2.jar:/Users/krishg/.m2/repository/io/rest-assured/rest-assured-common/4.3.0/rest-assured-common-4.3.0.jar:/Users/krishg/.m2/repository/io/rest-assured/xml-path/4.3.0/xml-path-4.3.0.jar:/Users/krishg/.m2/repository/org/apache/commons/commons-lang3/3.4/commons-lang3-3.4.jar:/Users/krishg/.m2/repository/jakarta/xml/bind/jakarta.xml.bind-api/2.3.2/jakarta.xml.bind-api-2.3.2.jar:/Users/krishg/.m2/repository/jakarta/activation/jakarta.activation-api/1.2.1/jakarta.activation-api-1.2.1.jar:/Users/krishg/.m2/repository/com/sun/xml/bind/jaxb-osgi/2.3.0.1/jaxb-osgi-2.3.0.1.jar:/Users/krishg/.m2/repository/org/apache/sling/org.apache.sling.javax.activation/0.1.0/org.apache.sling.javax.activation-0.1.0.jar:/Users/krishg/.m2/repository/javax/activation/activation/1.1.1/activation-1.1.1.jar:"/>
    <property name="sun.cpu.endian" value="little"/>
    <property name="user.home" value="/Users/krishg"/>
    <property name="user.language" value="en"/>
    <property name="java.specification.vendor" value="Oracle Corporation"/>
    <property name="java.home" value="/Library/Java/JavaVirtualMachines/adoptopenjdk-8.jdk/Contents/Home/jre"/>
    <property name="basedir" value="/Users/krishg/Documents/KG_official/api-patientportal"/>
    <property name="file.separator" value="/"/>
    <property name="line.separator" value="&#10;"/>
    <property name="java.vm.specification.vendor" value="Oracle Corporation"/>
    <property name="java.specification.name" value="Java Platform API Specification"/>
    <property name="java.awt.graphicsenv" value="sun.awt.CGraphicsEnvironment"/>
    <property name="surefire.real.class.path" value="/Users/krishg/Documents/KG_official/api-patientportal/target/surefire/surefirebooter6800609913569592535.jar"/>
    <property name="sun.boot.class.path" value="/Library/Java/JavaVirtualMachines/adoptopenjdk-8.jdk/Contents/Home/jre/lib/resources.jar:/Library/Java/JavaVirtualMachines/adoptopenjdk-8.jdk/Contents/Home/jre/lib/rt.jar:/Library/Java/JavaVirtualMachines/adoptopenjdk-8.jdk/Contents/Home/jre/lib/sunrsasign.jar:/Library/Java/JavaVirtualMachines/adoptopenjdk-8.jdk/Contents/Home/jre/lib/jsse.jar:/Library/Java/JavaVirtualMachines/adoptopenjdk-8.jdk/Contents/Home/jre/lib/jce.jar:/Library/Java/JavaVirtualMachines/adoptopenjdk-8.jdk/Contents/Home/jre/lib/charsets.jar:/Library/Java/JavaVirtualMachines/adoptopenjdk-8.jdk/Contents/Home/jre/lib/jfr.jar:/Library/Java/JavaVirtualMachines/adoptopenjdk-8.jdk/Contents/Home/jre/classes"/>
    <property name="sun.management.compiler" value="HotSpot 64-Bit Tiered Compilers"/>
    <property name="ftp.nonProxyHosts" value="local|*.local|169.254/16|*.169.254/16"/>
    <property name="java.runtime.version" value="1.8.0_232-b09"/>
    <property name="user.name" value="krishg"/>
    <property name="path.separator" value=":"/>
    <property name="os.version" value="10.15.2"/>
    <property name="java.endorsed.dirs" value="/Library/Java/JavaVirtualMachines/adoptopenjdk-8.jdk/Contents/Home/jre/lib/endorsed"/>
    <property name="java.runtime.name" value="OpenJDK Runtime Environment"/>
    <property name="file.encoding" value="UTF-8"/>
    <property name="java.vm.name" value="OpenJDK 64-Bit Server VM"/>
    <property name="localRepository" value="/Users/krishg/.m2/repository"/>
    <property name="cucumber.options" value="--tags @login"/>
    <property name="java.vendor.url.bug" value="http://bugreport.sun.com/bugreport/"/>
    <property name="java.io.tmpdir" value="/var/folders/wx/z4j5rtpj769678zgvmjy98hm0000gn/T/"/>
    <property name="java.version" value="1.8.0_232"/>
    <property name="user.dir" value="/Users/krishg/Documents/KG_official/api-patientportal"/>
    <property name="os.arch" value="x86_64"/>
    <property name="java.vm.specification.name" value="Java Virtual Machine Specification"/>
    <property name="java.awt.printerjob" value="sun.lwawt.macosx.CPrinterJob"/>
    <property name="sun.os.patch.level" value="unknown"/>
    <property name="java.library.path" value="/Users/krishg/Library/Java/Extensions:/Library/Java/Extensions:/Network/Library/Java/Extensions:/System/Library/Java/Extensions:/usr/lib/java:."/>
    <property name="java.vm.info" value="mixed mode"/>
    <property name="java.vendor" value="AdoptOpenJDK"/>
    <property name="java.vm.version" value="25.232-b09"/>
    <property name="java.ext.dirs" value="/Users/krishg/Library/Java/Extensions:/Library/Java/JavaVirtualMachines/adoptopenjdk-8.jdk/Contents/Home/jre/lib/ext:/Library/Java/Extensions:/Network/Library/Java/Extensions:/System/Library/Java/Extensions:/usr/lib/java"/>
    <property name="sun.io.unicode.encoding" value="UnicodeBig"/>
    <property name="java.class.version" value="52.0"/>
    <property name="socksNonProxyHosts" value="local|*.local|169.254/16|*.169.254/16"/>
  </properties>
</testsuite>